TN:
SF:src\controllers\authController.ts
FN:33,(anonymous_1)
FN:53,(anonymous_2)
FNF:2
FNH:2
FNDA:1,(anonymous_1)
FNDA:1,(anonymous_2)
DA:10,1
DA:11,1
DA:34,1
DA:35,1
DA:36,1
DA:37,1
DA:38,1
DA:54,1
DA:55,1
DA:56,1
DA:57,1
DA:58,1
DA:62,1
LF:13
LH:13
BRF:0
BRH:0
end_of_record
TN:
SF:src\controllers\chatController.ts
FN:45,(anonymous_1)
FN:84,(anonymous_2)
FN:108,(anonymous_3)
FN:139,(anonymous_4)
FNF:4
FNH:4
FNDA:3,(anonymous_1)
FNDA:1,(anonymous_2)
FNDA:1,(anonymous_3)
FNDA:1,(anonymous_4)
DA:2,1
DA:3,1
DA:4,1
DA:5,1
DA:46,3
DA:47,3
DA:48,3
DA:49,3
DA:50,1
DA:51,1
DA:52,1
DA:53,1
DA:56,2
DA:57,2
DA:61,2
DA:62,1
DA:64,1
DA:65,1
DA:66,1
DA:67,1
DA:85,1
DA:86,1
DA:87,1
DA:88,0
DA:90,1
DA:109,1
DA:110,0
DA:116,1
DA:117,1
DA:118,1
DA:119,0
DA:121,1
DA:140,1
DA:141,0
DA:143,1
DA:144,1
DA:145,1
DA:146,0
DA:148,1
DA:152,1
LF:40
LH:35
BRDA:49,0,0,1
BRDA:61,1,0,1
BRDA:61,2,0,2
BRDA:61,2,1,2
BRDA:64,3,0,1
BRDA:64,3,1,0
BRDA:87,4,0,0
BRDA:109,5,0,0
BRDA:109,6,0,1
BRDA:109,6,1,1
BRDA:118,7,0,0
BRDA:140,8,0,0
BRDA:145,9,0,0
BRF:13
BRH:7
end_of_record
TN:
SF:src\controllers\messageController.ts
FN:31,(anonymous_1)
FN:62,(anonymous_2)
FNF:2
FNH:2
FNDA:1,(anonymous_1)
FNDA:1,(anonymous_2)
DA:1,1
DA:2,1
DA:32,1
DA:33,0
DA:36,1
DA:37,1
DA:38,1
DA:39,0
DA:45,1
DA:63,1
DA:64,0
DA:66,1
DA:67,1
DA:68,1
DA:69,0
DA:71,1
DA:75,1
LF:17
LH:13
BRDA:32,0,0,0
BRDA:38,1,0,0
BRDA:63,2,0,0
BRDA:68,3,0,0
BRF:4
BRH:0
end_of_record
TN:
SF:src\controllers\userController.ts
FN:29,(anonymous_1)
FNF:1
FNH:1
FNDA:1,(anonymous_1)
DA:1,1
DA:30,1
DA:31,1
DA:32,1
DA:36,1
LF:5
LH:5
BRF:0
BRH:0
end_of_record
TN:
SF:src\middlewares\authMiddleware.ts
FN:18,(anonymous_1)
FNF:1
FNH:1
FNDA:3,(anonymous_1)
DA:2,1
DA:3,1
DA:19,3
DA:20,3
DA:21,1
DA:24,2
DA:25,2
DA:29,1
DA:30,1
DA:34,1
LF:10
LH:10
BRDA:20,0,0,1
BRF:1
BRH:1
end_of_record
TN:
SF:src\middlewares\errorMiddleware.ts
FN:19,(anonymous_0)
FNF:1
FNH:1
FNDA:3,(anonymous_0)
DA:2,1
DA:19,1
DA:25,3
DA:26,3
DA:28,1
DA:33,2
DA:34,0
DA:36,0
DA:41,2
LF:9
LH:7
BRDA:26,0,0,1
BRDA:26,0,1,2
BRDA:33,1,0,0
BRDA:33,1,1,2
BRF:4
BRH:3
end_of_record
TN:
SF:src\models\chatModel.ts
FNF:0
FNH:0
DA:10,3
DA:39,3
DA:66,3
DA:68,3
LF:4
LH:4
BRF:0
BRH:0
end_of_record
TN:
SF:src\models\messageModel.ts
FNF:0
FNH:0
DA:1,5
DA:12,5
DA:28,5
DA:30,5
LF:4
LH:4
BRF:0
BRH:0
end_of_record
TN:
SF:src\models\userModel.ts
FNF:0
FNH:0
DA:1,5
DA:21,5
DA:33,5
DA:35,5
LF:4
LH:4
BRF:0
BRH:0
end_of_record
TN:
SF:src\services\chatService.ts
FN:22,(anonymous_1)
FN:37,(anonymous_2)
FN:52,(anonymous_3)
FN:76,(anonymous_4)
FN:99,(anonymous_5)
FNF:5
FNH:5
FNDA:2,(anonymous_1)
FNDA:1,(anonymous_2)
FNDA:1,(anonymous_3)
FNDA:2,(anonymous_4)
FNDA:5,(anonymous_5)
DA:2,2
DA:3,2
DA:23,2
DA:27,2
DA:38,1
DA:41,1
DA:53,1
DA:54,1
DA:60,1
DA:61,1
DA:62,0
DA:65,1
DA:77,2
DA:78,2
DA:82,2
DA:83,1
DA:85,1
DA:86,1
DA:87,0
DA:89,1
DA:100,5
DA:101,5
DA:102,1
DA:104,4
DA:108,2
LF:25
LH:23
BRDA:61,0,0,0
BRDA:82,1,0,1
BRDA:86,2,0,0
BRDA:101,3,0,1
BRF:4
BRH:2
end_of_record
TN:
SF:src\services\messageService.ts
FN:21,(anonymous_1)
FN:37,(anonymous_2)
FN:55,(anonymous_3)
FNF:3
FNH:3
FNDA:1,(anonymous_1)
FNDA:2,(anonymous_2)
FNDA:3,(anonymous_3)
DA:8,4
DA:9,4
DA:10,4
DA:22,1
DA:27,1
DA:38,2
DA:39,1
DA:41,1
DA:42,1
DA:43,0
DA:45,1
DA:56,3
DA:57,1
DA:59,2
DA:62,2
DA:63,0
DA:65,2
DA:69,4
LF:18
LH:16
BRDA:38,0,0,1
BRDA:42,1,0,0
BRDA:56,2,0,1
BRDA:62,3,0,0
BRF:4
BRH:2
end_of_record
TN:
SF:src\services\promptService.ts
FN:20,(anonymous_1)
FN:41,(anonymous_2)
FN:48,(anonymous_3)
FN:79,(anonymous_4)
FN:82,(anonymous_5)
FNF:5
FNH:5
FNDA:1,(anonymous_1)
FNDA:1,(anonymous_2)
FNDA:3,(anonymous_3)
FNDA:1,(anonymous_4)
FNDA:3,(anonymous_5)
DA:1,2
DA:2,2
DA:3,2
DA:21,1
DA:28,1
DA:29,0
DA:31,1
DA:32,1
DA:42,1
DA:48,1
DA:49,3
DA:55,1
DA:65,1
DA:66,0
DA:68,1
DA:70,1
DA:80,1
DA:81,1
DA:82,1
DA:83,3
DA:89,1
DA:90,1
DA:100,1
DA:101,0
DA:103,1
DA:104,1
DA:108,2
LF:27
LH:24
BRDA:28,0,0,0
BRDA:50,1,0,2
BRDA:50,1,1,1
BRDA:65,2,0,0
BRDA:84,3,0,2
BRDA:84,3,1,1
BRDA:100,4,0,0
BRF:7
BRH:4
end_of_record
TN:
SF:src\services\userService.ts
FN:21,(anonymous_1)
FN:49,(anonymous_2)
FN:73,(anonymous_3)
FN:88,(anonymous_4)
FNF:4
FNH:4
FNDA:1,(anonymous_1)
FNDA:1,(anonymous_2)
FNDA:3,(anonymous_3)
FNDA:2,(anonymous_4)
DA:1,3
DA:2,3
DA:3,3
DA:22,1
DA:23,1
DA:24,1
DA:25,0
DA:31,1
DA:32,1
DA:37,1
DA:39,1
DA:50,1
DA:51,1
DA:52,1
DA:53,1
DA:54,0
DA:60,1
DA:61,1
DA:62,0
DA:64,1
DA:74,3
DA:75,3
DA:76,1
DA:78,2
DA:89,2
DA:90,2
DA:91,1
DA:93,1
DA:94,1
DA:98,3
LF:30
LH:27
BRDA:24,0,0,0
BRDA:53,1,0,0
BRDA:61,2,0,0
BRDA:75,3,0,1
BRDA:75,3,1,2
BRDA:90,4,0,1
BRF:6
BRH:3
end_of_record
TN:
SF:src\utils\authUtil.ts
FN:24,(anonymous_1)
FN:38,(anonymous_2)
FN:49,(anonymous_3)
FN:64,(anonymous_4)
FNF:4
FNH:4
FNDA:3,(anonymous_1)
FNDA:2,(anonymous_2)
FNDA:3,(anonymous_3)
FNDA:4,(anonymous_4)
DA:1,5
DA:2,5
DA:3,5
DA:25,3
DA:26,3
DA:27,3
DA:39,2
DA:40,2
DA:50,3
DA:56,3
DA:65,4
DA:66,4
DA:67,2
DA:69,2
DA:74,5
LF:15
LH:15
BRF:0
BRH:0
end_of_record
TN:
SF:src\utils\env.ts
FN:10,(anonymous_0)
FNF:1
FNH:1
FNDA:42,(anonymous_0)
DA:10,8
DA:11,42
DA:12,42
DA:13,42
DA:14,1
DA:16,41
DA:18,1
DA:20,1
DA:24,8
DA:25,8
DA:26,8
DA:27,8
DA:28,8
LF:13
LH:13
BRDA:13,0,0,1
BRF:1
BRH:1
end_of_record
TN:
SF:src\utils\errorMessasge.ts
FN:30,(anonymous_0)
FNF:1
FNH:1
FNDA:12,(anonymous_0)
DA:11,15
DA:36,12
DA:37,12
DA:38,12
DA:39,12
DA:41,12
LF:6
LH:6
BRDA:34,0,0,12
BRF:1
BRH:1
end_of_record
